TN:
SF:components\StyledText.tsx
FN:3,MonoText
FNF:1
FNH:1
FNDA:1,MonoText
DA:4,1
LF:1
LH:1
BRF:0
BRH:0
end_of_record
TN:
SF:components\Themed.tsx
FN:11,useThemeColor
FN:33,Text
FN:40,View
FNF:3
FNH:2
FNDA:1,useThemeColor
FNDA:1,Text
FNDA:0,View
DA:15,1
DA:16,1
DA:18,1
DA:19,0
DA:21,1
DA:34,1
DA:35,1
DA:37,1
DA:41,0
DA:42,0
DA:44,0
LF:11
LH:7
BRDA:18,0,0,0
BRDA:18,0,1,1
BRF:2
BRH:1
end_of_record
TN:
SF:constants\Colors.ts
FNF:0
FNH:0
DA:1,1
DA:2,1
LF:2
LH:2
BRF:0
BRH:0
end_of_record
TN:
SF:hooks\useColorScheme.ts
FN:6,useColorScheme
FNF:1
FNH:1
FNDA:1,useColorScheme
DA:7,1
LF:1
LH:1
BRF:0
BRH:0
end_of_record
